C51 COMPILER V9.60.7.0   INTERFACE                                                         05/09/2024 13:11:00 PAGE 1   


C51 COMPILER V9.60.7.0, COMPILATION OF MODULE INTERFACE
OBJECT MODULE PLACED IN .\Objects\interface.obj
COMPILER INVOKED BY: C:\Keil_v5\C51\BIN\C51.EXE interface.c OPTIMIZE(8,SPEED) BROWSE DEBUG OBJECTEXTEND PRINT(.\Listings
                    -\interface.lst) TABS(2) OBJECT(.\Objects\interface.obj)

line level    source

   1          #include<reg51.h>
   2          #include<LCD.h>
   3           char count=0;
   4          unsigned char arr[15]={0};
   5          void Serial(void)
   6          {
   7   1        
   8   1        unsigned char letter=5;
   9   1        count =0;
  10   1        while(letter!='b')
  11   1        {
  12   2          while(RI==0);
  13   2          RI=0;
  14   2          letter=SBUF;
  15   2          arr[count++]=letter;
  16   2      }
  17   1      
  18   1      }
  19          void delay(void)
  20          {
  21   1        int i;
  22   1        for( i=0;i<500;i++);
  23   1      }
  24          
  25          void main()
  26          {unsigned char dot,flag;
  27   1        char i;
  28   1        lcdInti();
  29   1        lcdDesplay("serial result");
  30   1        TMOD=0x20;
  31   1        TH1=-3;
  32   1        TR1=1;
  33   1        SCON=0x50;
  34   1      
  35   1        while(1)
  36   1        { 
  37   2          Serial();
  38   2          lcdCommand(FORCE_TO_SECOND_ROW);
  39   2          lcdDesplay("                 ");
  40   2          lcdCommand(FORCE_TO_SECOND_ROW);
  41   2          count--;
  42   2          
  43   2          for(dot=0;dot<count;dot++)
  44   2            {
  45   3              if(arr[dot]=='.')
  46   3              {
  47   4                flag=1;
  48   4                break;
  49   4              }
  50   3              
  51   3            }
  52   2            if(flag)
  53   2            {
  54   3              for(i=dot-1;i>=0;i--)
C51 COMPILER V9.60.7.0   INTERFACE                                                         05/09/2024 13:11:00 PAGE 2   

  55   3              {
  56   4                lcdData(arr[i]);
  57   4                
  58   4              }
  59   3              for(i=dot;i<count;i++)
  60   3              {
  61   4                lcdData(arr[i]);
  62   4              }
  63   3              
  64   3            }
  65   2            else
  66   2            {
  67   3              for(i=count-1;i>=0;i--)
  68   3              {
  69   4                lcdData(arr[i]);
  70   4              }
  71   3            }
  72   2            
  73   2          flag=0;
  74   2          
  75   2          
  76   2      
  77   2          
  78   2          
  79   2        }
  80   1        
  81   1        
  82   1        
  83   1      }
  84            


MODULE INFORMATION:   STATIC OVERLAYABLE
   CODE SIZE        =    229    ----
   CONSTANT SIZE    =     32    ----
   XDATA SIZE       =   ----    ----
   PDATA SIZE       =   ----    ----
   DATA SIZE        =     16       3
   IDATA SIZE       =   ----    ----
   BIT SIZE         =   ----    ----
END OF MODULE INFORMATION.


C51 COMPILATION COMPLETE.  0 WARNING(S),  0 ERROR(S)
