C51 COMPILER V9.60.7.0   KEYPAD                                                            05/07/2024 00:54:56 PAGE 1   


C51 COMPILER V9.60.7.0, COMPILATION OF MODULE KEYPAD
OBJECT MODULE PLACED IN .\Objects\keypad.obj
COMPILER INVOKED BY: C:\Keil_v5\C51\BIN\C51.EXE keypad.c OPTIMIZE(8,SPEED) BROWSE DEBUG OBJECTEXTEND PRINT(.\Listings\ke
                    -ypad.lst) TABS(2) OBJECT(.\Objects\keypad.obj)

line level    source

   1          #include"keypad.h"
   2          unsigned char keypad[4][4]= {{'7','8','9','/'},{'4','5','6','*'},{'1','2','3','-'},{' ','0','=','+'}};
   3          
   4          #define KEYPAD P1
   5          void keypadDebouncd(void)
   6          {
   7   1          int i;
   8   1          for(i=2500; i>0; i--);
   9   1      
  10   1      }
  11          unsigned char readKey(void)
  12          {
  13   1          char flag=0,i,input;
  14   1          KEYPAD=0xff;
  15   1          while(KEYPAD!=0xff);
  16   1          while(!flag)
  17   1          {
  18   2      
  19   2              for(i=0; (i<4)&&(!flag); i++,KEYPAD=0xff)
  20   2              {
  21   3                  KEYPAD=KEYPAD&(~(1<<(7-i)));
  22   3                  input=KEYPAD&0x0f;
  23   3                  if(input!=0x0f)
  24   3                  {
  25   4                      keypadDebouncd();
  26   4                      input=KEYPAD&0x0f;
  27   4                      if(input!=0x0f)
  28   4                      {
  29   5                          while((KEYPAD&0x0f)!=0x0f);
  30   5                          keypadDebouncd();
  31   5                          flag=1;
  32   5                      }
  33   4                  }
  34   3      
  35   3              }
  36   2      
  37   2      
  38   2          }
  39   1          flag=0;
  40   1          while((input>>flag)&1)
  41   1          {
  42   2              flag++;
  43   2          }
  44   1          return keypad[i-1][flag];
  45   1      
  46   1      }


MODULE INFORMATION:   STATIC OVERLAYABLE
   CODE SIZE        =    128    ----
   CONSTANT SIZE    =   ----    ----
   XDATA SIZE       =   ----    ----
   PDATA SIZE       =   ----    ----
   DATA SIZE        =     16    ----
C51 COMPILER V9.60.7.0   KEYPAD                                                            05/07/2024 00:54:56 PAGE 2   

   IDATA SIZE       =   ----    ----
   BIT SIZE         =   ----    ----
END OF MODULE INFORMATION.


C51 COMPILATION COMPLETE.  0 WARNING(S),  0 ERROR(S)
